<?xml version="1.0" encoding="UTF-8"?>
<testng-results ignored="0" total="1" passed="1" failed="0" skipped="0">
  <reporter-output>
  </reporter-output>
  <suite started-at="2024-09-26T21:05:11 IST" name="Default suite" finished-at="2024-09-26T21:05:15 IST" duration-ms="3992">
    <groups>
    </groups>
    <test started-at="2024-09-26T21:05:11 IST" name="Default test" finished-at="2024-09-26T21:05:15 IST" duration-ms="3992">
      <class name="basicsofselenium.WindowHandling">
        <test-method signature="window()[pri:0, instance:basicsofselenium.WindowHandling@53045c6c]" started-at="2024-09-26T21:05:11 IST" name="window" finished-at="2024-09-26T21:05:15 IST" duration-ms="3958" status="PASS">
          <reporter-output>
          </reporter-output>
        </test-method> <!-- window -->
      </class> <!-- basicsofselenium.WindowHandling -->
    </test> <!-- Default test -->
  </suite> <!-- Default suite -->
</testng-results>
